[debug] [2025-07-23T16:42:52.853Z] ----------------------------------------------------------------------
[debug] [2025-07-23T16:42:52.860Z] Command:       /Users/marendra/.nvm/versions/node/v22.17.1/bin/node /Users/marendra/.nvm/versions/node/v22.17.1/bin/firebase init hosting
[debug] [2025-07-23T16:42:52.860Z] CLI Version:   14.11.1
[debug] [2025-07-23T16:42:52.860Z] Platform:      darwin
[debug] [2025-07-23T16:42:52.860Z] Node Version:  v22.17.1
[debug] [2025-07-23T16:42:52.861Z] Time:          Wed Jul 23 2025 23:42:52 GMT+0700 (Western Indonesia Time)
[debug] [2025-07-23T16:42:52.861Z] ----------------------------------------------------------------------
[debug] 
[debug] [2025-07-23T16:42:52.956Z] > command requires scopes: ["email","openid","https://www.googleapis.com/auth/cloudplatformprojects.readonly","https://www.googleapis.com/auth/firebase","https://www.googleapis.com/auth/cloud-platform"]
[debug] [2025-07-23T16:42:52.956Z] > authorizing via signed-in user (marendra79@gmail.com)
[info] 
     ######## #### ########  ######## ########     ###     ######  ########
     ##        ##  ##     ## ##       ##     ##  ##   ##  ##       ##
     ######    ##  ########  ######   ########  #########  ######  ######
     ##        ##  ##    ##  ##       ##     ## ##     ##       ## ##
     ##       #### ##     ## ######## ########  ##     ##  ######  ########

You're about to initialize a Firebase project in this directory:

  /Users/marendra/workspace/commercial-natuna

Before we get started, keep in mind:

  * You are initializing within an existing Firebase project directory

[info] 
=== Project Setup
[info] 
[info] First, let's associate this project directory with a Firebase project.
[info] You can create multiple project aliases by running firebase use --add, 
[info] but for now we'll just set up a default project.
[info] 
[debug] [2025-07-23T16:42:52.958Z] Using project from CLI flag: commercial-medco
[debug] [2025-07-23T16:42:52.959Z] Checked if tokens are valid: false, expires at: 1753288572689
[debug] [2025-07-23T16:42:52.959Z] Checked if tokens are valid: false, expires at: 1753288572689
[debug] [2025-07-23T16:42:52.959Z] > refreshing access token with scopes: []
[debug] [2025-07-23T16:42:52.960Z] >>> [apiv2][query] POST https://www.googleapis.com/oauth2/v3/token [none]
[debug] [2025-07-23T16:42:52.960Z] >>> [apiv2][body] POST https://www.googleapis.com/oauth2/v3/token [omitted]
[debug] [2025-07-23T16:42:53.299Z] <<< [apiv2][status] POST https://www.googleapis.com/oauth2/v3/token 200
[debug] [2025-07-23T16:42:53.299Z] <<< [apiv2][body] POST https://www.googleapis.com/oauth2/v3/token [omitted]
[debug] [2025-07-23T16:42:53.337Z] >>> [apiv2][query] GET https://firebase.googleapis.com/v1beta1/projects/commercial-medco [none]
[debug] [2025-07-23T16:42:54.144Z] <<< [apiv2][status] GET https://firebase.googleapis.com/v1beta1/projects/commercial-medco 200
[debug] [2025-07-23T16:42:54.144Z] <<< [apiv2][body] GET https://firebase.googleapis.com/v1beta1/projects/commercial-medco {"projectId":"commercial-medco","projectNumber":"822210331244","displayName":"commercial-medco","name":"projects/commercial-medco","resources":{"hostingSite":"commercial-medco"},"state":"ACTIVE","etag":"1_7ac3cab8-31fd-43d1-8b5b-0267f34ad317"}
[info] i  Using project commercial-medco (commercial-medco) 
[info] 
=== Hosting Setup
[debug] [2025-07-23T16:42:54.153Z] Checked if tokens are valid: true, expires at: 1753292572299
[debug] [2025-07-23T16:42:54.153Z] Checked if tokens are valid: true, expires at: 1753292572299
[debug] [2025-07-23T16:42:54.154Z] >>> [apiv2][query] GET https://firebase.googleapis.com/v1beta1/projects/commercial-medco [none]
[debug] [2025-07-23T16:42:54.458Z] <<< [apiv2][status] GET https://firebase.googleapis.com/v1beta1/projects/commercial-medco 200
[debug] [2025-07-23T16:42:54.459Z] <<< [apiv2][body] GET https://firebase.googleapis.com/v1beta1/projects/commercial-medco {"projectId":"commercial-medco","projectNumber":"822210331244","displayName":"commercial-medco","name":"projects/commercial-medco","resources":{"hostingSite":"commercial-medco"},"state":"ACTIVE","etag":"1_7ac3cab8-31fd-43d1-8b5b-0267f34ad317"}
[info] 
[info] Your public directory is the folder (relative to your project directory) that
[info] will contain Hosting assets to be uploaded with firebase deploy. If you
[info] have a build process for your assets, use your build's output directory.
[info] 
[debug] [2025-07-23T16:43:03.888Z] >>> [apiv2][query] GET https://www.gstatic.com/firebasejs/releases.json [none]
[debug] [2025-07-23T16:43:04.161Z] <<< [apiv2][status] GET https://www.gstatic.com/firebasejs/releases.json 200
[debug] [2025-07-23T16:43:04.161Z] <<< [apiv2][body] GET https://www.gstatic.com/firebasejs/releases.json {"current":{"version":"12.0.0","browserURL":"https://www.gstatic.com/firebasejs/12.0.0/firebase.js","packageURL":"https://www.gstatic.com/firebasejs/12.0.0/firebase.tgz"},"live":{"version":"12.0","browserURL":"https://www.gstatic.com/firebasejs/live/12.0/firebase.js","packageURL":"https://www.gstatic.com/firebasejs/live/12.0/firebase.tgz"},"components":{"ai":"https://www.gstatic.com/firebasejs/12.0.0/firebase-ai.js","analytics":"https://www.gstatic.com/firebasejs/12.0.0/firebase-analytics.js","app":"https://www.gstatic.com/firebasejs/12.0.0/firebase-app.js","app-check":"https://www.gstatic.com/firebasejs/12.0.0/firebase-app-check.js","auth":"https://www.gstatic.com/firebasejs/12.0.0/firebase-auth.js","auth/cordova":"https://www.gstatic.com/firebasejs/12.0.0/firebase-auth/cordova.js","auth/web-extension":"https://www.gstatic.com/firebasejs/12.0.0/firebase-auth/web-extension.js","functions":"https://www.gstatic.com/firebasejs/12.0.0/firebase-functions.js","firestore":"https://www.gstatic.com/firebasejs/12.0.0/firebase-firestore.js","firestore/lite":"https://www.gstatic.com/firebasejs/12.0.0/firebase-firestore/lite.js","installations":"https://www.gstatic.com/firebasejs/12.0.0/firebase-installations.js","storage":"https://www.gstatic.com/firebasejs/12.0.0/firebase-storage.js","performance":"https://www.gstatic.com/firebasejs/12.0.0/firebase-performance.js","remote-config":"https://www.gstatic.com/firebasejs/12.0.0/firebase-remote-config.js","messaging":"https://www.gstatic.com/firebasejs/12.0.0/firebase-messaging.js","messaging/sw":"https://www.gstatic.com/firebasejs/12.0.0/firebase-messaging/sw.js","database":"https://www.gstatic.com/firebasejs/12.0.0/firebase-database.js","data-connect":"https://www.gstatic.com/firebasejs/12.0.0/firebase-data-connect.js","firestore.memory":"https://www.gstatic.com/firebasejs/12.0.0/firebase-firestore.memory.js"}}
[info] ✔  Wrote public/index.html 
[info] 
[info] i  Detected a .git folder at /Users/marendra/workspace 
[info] i  Authorizing with GitHub to upload your service account to a GitHub repository's secrets store. 
[info] 
[info] Visit this URL on this device to log in:
[info] https://github.com/login/oauth/authorize?client_id=89cf50f02ac6aaed3484&state=658098215&redirect_uri=http%3A%2F%2Flocalhost%3A9005&scope=read%3Auser%20repo%20public_repo
[info] 
[info] Waiting for authentication...
[debug] [2025-07-23T16:43:17.598Z] >>> [apiv2][query] POST https://github.com/login/oauth/access_token [none]
[debug] [2025-07-23T16:43:17.598Z] >>> [apiv2][body] POST https://github.com/login/oauth/access_token [stream]
[debug] [2025-07-23T16:43:18.170Z] <<< [apiv2][status] POST https://github.com/login/oauth/access_token 200
[debug] [2025-07-23T16:43:18.170Z] <<< [apiv2][body] POST https://github.com/login/oauth/access_token {"access_token":"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","token_type":"bearer","scope":"read:user,repo"}
[debug] [2025-07-23T16:43:18.197Z] >>> [apiv2][query] GET https://api.github.com/user [none]
[debug] [2025-07-23T16:43:18.783Z] <<< [apiv2][status] GET https://api.github.com/user 200
[debug] [2025-07-23T16:43:18.784Z] <<< [apiv2][body] GET https://api.github.com/user {"login":"marendra","id":1898987,"node_id":"MDQ6VXNlcjE4OTg5ODc=","avatar_url":"https://avatars.githubusercontent.com/u/1898987?v=4","gravatar_id":"","url":"https://api.github.com/users/marendra","html_url":"https://github.com/marendra","followers_url":"https://api.github.com/users/marendra/followers","following_url":"https://api.github.com/users/marendra/following{/other_user}","gists_url":"https://api.github.com/users/marendra/gists{/gist_id}","starred_url":"https://api.github.com/users/marendra/starred{/owner}{/repo}","subscriptions_url":"https://api.github.com/users/marendra/subscriptions","organizations_url":"https://api.github.com/users/marendra/orgs","repos_url":"https://api.github.com/users/marendra/repos","events_url":"https://api.github.com/users/marendra/events{/privacy}","received_events_url":"https://api.github.com/users/marendra/received_events","type":"User","user_view_type":"private","site_admin":false,"name":"Arif Marendra","company":null,"blog":"","location":null,"email":null,"hireable":null,"bio":null,"twitter_username":null,"notification_email":null,"public_repos":18,"public_gists":0,"followers":0,"following":1,"created_at":"2012-06-27T14:53:48Z","updated_at":"2025-07-17T02:44:49Z","private_gists":0,"total_private_repos":12,"owned_private_repos":12,"disk_usage":150326,"collaborators":0,"two_factor_authentication":false,"plan":{"name":"free","space":976562499,"collaborators":0,"private_repos":10000}}
[info] 
[info] ✔  Success! Logged into GitHub as marendra 
[info] 
[debug] [2025-07-23T16:45:29.600Z] ExitPromptError: User force closed the prompt with SIGINT
    at Interface.sigint (/Users/marendra/.nvm/versions/node/v22.17.1/lib/node_modules/firebase-tools/node_modules/@inquirer/core/dist/commonjs/lib/create-prompt.js:101:37)
    at Interface.emit (node:events:518:28)
    at Interface.emit (node:domain:489:12)
    at [_ttyWrite] [as _ttyWrite] (node:internal/readline/interface:1132:18)
    at ReadStream.onkeypress (node:internal/readline/interface:271:20)
    at ReadStream.emit (node:events:530:35)
    at ReadStream.emit (node:domain:489:12)
    at emitKeys (node:internal/readline/utils:370:14)
    at emitKeys.next (<anonymous>)
    at ReadStream.onData (node:internal/readline/emitKeypressEvents:64:36)
[error] 
[error] Error: An unexpected error has occurred.
